<?xml version="1.0" encoding="UTF-8"?>
<!-- Generated by org.testng.reporters.JUnitXMLReporter -->
<testsuite hostname="DESKTOP-6QKVVDK" ignored="0" name="sendtest" tests="3" failures="1" timestamp="2019-10-25T12:37:24 PKT" time="0.059" errors="0">
  <testcase name="login" time="0.006" classname="selenium.SendMailTest">
    <failure type="java.lang.AssertionError" message="error message">
      <![CDATA[java.lang.AssertionError: error message
at selenium.SendMailTest.login(SendMailTest.java:27)
at java.util.ArrayList.forEach(Unknown Source)
... Removed 28 stack frames]]>
    </failure>
  </testcase> <!-- login -->
  <testcase name="sendMail" time="0.0" classname="selenium.SendMailTest">
    <skipped/>
  </testcase> <!-- sendMail -->
  <testcase name="logout" time="0.0" classname="selenium.SendMailTest">
    <skipped/>
  </testcase> <!-- logout -->
</testsuite> <!-- sendtest -->
